<?xml version="1.0" encoding="UTF-8"?>
<testsuite failures="0" errors="0" skipped="0" tests="2" time="54.887433" name="Seguro de Veiculo">
<testcase classname="Seguro de Veiculo" name="Dica de seleção" time="7.721514">
  <system-out>
    <![CDATA[]]>
  </system-out>
  <system-err>
    <![CDATA[]]>
  </system-err>
</testcase>
<testcase classname="Seguro de Veiculo" name="Solicitação de seguro de veiculo" time="47.165918">
  <system-out>
    <![CDATA[]]>
  </system-out>
  <system-err>
    <![CDATA[]]>
  </system-err>
</testcase>
</testsuite>
